<?xml version="1.0" encoding="UTF-8"?>
<Site BuildName="(empty)"
	BuildStamp="20231021-0011-Experimental"
	Name="qrb5165-rb5"
	Generator="ctest-3.10.2"
	CompilerName="/usr/bin/c++"
	CompilerVersion="7.5.0"
	OSName="Linux"
	Hostname="qrb5165-rb5"
	OSRelease="4.19.125"
	OSVersion="#1 SMP PREEMPT Thu Jan 12 18:17:08 CST 2023"
	OSPlatform="aarch64"
	Is64Bits="1"
	VendorString=""
	VendorID="Unknown Manufacturer"
	FamilyID="8"
	ModelID="0"
	ProcessorCacheSize="0"
	NumberOfLogicalCPU="8"
	NumberOfPhysicalCPU="1"
	TotalVirtualMemory="3825"
	TotalPhysicalMemory="7650"
	LogicalProcessorsPerPhysical="8"
	ProcessorClockFrequency="0"
	>
	<Testing>
		<StartDateTime>Oct 21 00:11 UTC</StartDateTime>
		<StartTestTime>1697847065</StartTestTime>
		<TestList/>
		<EndDateTime>Oct 21 00:11 UTC</EndDateTime>
		<EndTestTime>1697847065</EndTestTime>
		<ElapsedMinutes>0</ElapsedMinutes>
	</Testing>
</Site>
